- Phase 1: Foundation (Completed ✅)
    [] Core Python Library Development
        [x] TreeNode class with hierarchical data structure
        [x] Text parsing and tree building functionality
        [x] Basic TODO item support ([], [x], [?] syntax)
        [x] Tree manipulation and navigation methods
        [x] File I/O operations
    [] Format Conversion System
        [x] Markdown export with shallowest leaf depth algorithm
        [x] Markdown import with structure preservation
        [x] Interactive HTML export with keyboard navigation
        [x] LaTeX export via Pandoc integration
        [x] PDF export via pdflatex
    [] Testing Infrastructure
        [x] Comprehensive test cases for all formats
        [x] Round-trip conversion validation
        [x] Edge case handling verification
- Phase 2: Mobile Application (Completed ✅)
    [] React Native Foundation
        [x] Expo project setup with TypeScript
        [x] Core TreeNode class ported to TypeScript
        [x] Text parsing functions with real-time updates
        [x] Component-based architecture design
    [] Advanced Gesture System
        [x] Long-press selection mode activation
        [x] Multi-line selection with visual feedback
        [x] Swipe-based indent/outdent operations
        [x] Double-tap folding functionality
        [x] Haptic feedback integration
    [] File Management
        [x] AsyncStorage integration for persistence
        [x] File metadata tracking and search
        [x] Recent files management
        [x] Auto-save functionality
    [] Export and Sharing
        [x] Multi-format export (LogLog, Markdown, HTML)
        [x] Native device sharing integration
        [x] Self-contained HTML with theme switching
        [x] Interactive HTML with keyboard navigation
    [] Performance Optimization
        [x] Debounced parsing for large documents
        [x] LRU cache for text processing
        [x] Memory optimization for 1000+ line documents
        [x] Undo/redo system with history management
    [] Quality Assurance
        [x] Comprehensive unit test suite
        [x] Performance testing and benchmarks
        [x] Device testing protocols established
        [x] Build and deployment documentation
- Phase 3: Core Library Enhancement (In Progress 🔄)
    [] Hashtag Filtering System #decision
        [x] Filter trees by hashtags with structure preservation
        [x] Export filtered content maintaining hierarchy
        [x] Multiple hashtag support
        [x] Branch path preservation for filtered results
    [] TODO Management Enhancement
        [x] Export TODOs with status filtering
        [x] Structure preservation for TODO hierarchies
        [] Advanced TODO analytics and reporting
        [] TODO completion tracking over time
    [] Search Functionality
        [] Node search by title/content with regex support
        [] Cross-document search capabilities
        [] Search result ranking and relevance
        [] Search index building for large document collections
    [] Tree Manipulation
        [] Node moving and restructuring operations
        [] Tree merging from multiple sources
        [] Bulk operations on selected nodes
        [] Tree statistics and analysis
- Phase 4: Linux Desktop Application (Planned 📋)
    [] Command-Line Interface
        [] argparse-based CLI with subcommands
        [] File conversion operations (all formats)
        [] Search commands with output formatting
        [] TODO management commands
        [] Batch processing capabilities
        [] Pipeline-friendly output formats
    [] Core Library Extensions
        [] Advanced search with multiple criteria
        [] Tree statistics and reporting
        [] Knowledge graph generation (basic)
        [] Plugin system architecture
    [] GUI Application
        [] tkinter-based file browser
        [] Integrated text editor with syntax highlighting
        [] Live preview of tree structure
        [] Export dialog with format selection
        [] Settings management interface
    [] Advanced Features
        [] Document summarization using text analysis
        [] Topic extraction and clustering
        [] Related document suggestions
        [] Backup and synchronization utilities
- Phase 5: Quality and Polish (Future 🔮)
    [] Mobile App Deployment
        [] Android device testing completion
        [] F-Droid package preparation and submission #decision
        [] User feedback collection and analysis
        [] Performance validation on various devices
    [] Documentation Enhancement
        [] Video tutorials for core features
        [] Interactive examples and demos
        [] API documentation for developers
        [] Best practices guide for LogLog format
    [] Community Building
        [] Plugin system for extensibility
        [] File format standardization
        [] Developer community establishment
        [] Sample applications and templates
- Implementation Status Summary
    [] Phase 1: Foundation ✅ Complete
    [] Phase 2: Mobile Application ✅ Complete (pending device testing)
    [] Phase 3: Core Library Enhancement 🔄 In Progress (70% complete)
    [] Phase 4: Linux Desktop Application 📋 Planned (Q4 2024)
    [] Phase 5: Quality and Polish 🔮 Future (2025+)
